{
  "RSpec": {
    "coverage": {
      "/Users/caseymacaulay/Projects/Turing/3module/diagnostic/alt-fuel-finder/spec/services/nrel_service_spec.rb": [
        1,
        null,
        1,
        null,
        1,
        1,
        1,
        1,
        1,
        1,
        null,
        1,
        null,
        null,
        null,
        null
      ],
      "/Users/caseymacaulay/Projects/Turing/3module/diagnostic/alt-fuel-finder/app/services/nrel_service.rb": [
        1,
        1,
        null,
        1,
        2,
        null,
        null,
        1,
        2,
        null,
        null,
        1,
        null,
        1,
        2,
        null,
        null,
        null
      ],
      "/Users/caseymacaulay/Projects/Turing/3module/diagnostic/alt-fuel-finder/app/controllers/welcome_controller.rb": [
        1,
        1,
        null,
        null,
        null
      ],
      "/Users/caseymacaulay/Projects/Turing/3module/diagnostic/alt-fuel-finder/app/controllers/application_controller.rb": [
        1,
        null,
        null,
        1,
        null
      ],
      "/Users/caseymacaulay/Projects/Turing/3module/diagnostic/alt-fuel-finder/app/controllers/search_controller.rb": [
        1,
        1,
        1,
        null,
        null
      ]
    },
    "timestamp": 1490806658
  }
}
